<?xml version="1.0" encoding="UTF-8"?>
<testsuite xmlns:xsi="http://www.w3.org/2001/XMLSchema-instance" xsi:noNamespaceSchemaLocation="https://maven.apache.org/surefire/maven-surefire-plugin/xsd/surefire-test-report-3.0.xsd" version="3.0" name="co.edu.usco.TMRestApplicationTests" time="10.671" tests="1" errors="0" skipped="0" failures="0">
  <properties>
[...]
</properties>
  <testcase name="contextLoads" classname="co.edu.usco.TMRestApplicationTests" time="0.57">
    <system-out><![CDATA[10:01:53.099 [main] INFO org.springframework.test.context.support.AnnotationConfigContextLoaderUtils -- Could not detect default configuration classes for test class [co.edu.usco.TMRestApplicationTests]: TMRestApplicationTests does not declare any static, non-private, non-final, nested classes annotated with @Configuration.
10:01:53.290 [main] INFO org.springframework.boot.test.context.SpringBootTestContextBootstrapper -- Found @SpringBootConfiguration co.edu.usco.TMRestApplication for test class co.edu.usco.TMRestApplicationTests
10:01:53.549 [main] INFO org.springframework.boot.devtools.restart.RestartApplicationListener -- Restart disabled due to context in which it is running
10:01  INFO 11516 --- [t-m_rest] [           main] co.edu.usco.TMRestApplicationTests       : Starting TMRestApplicationTests using Java 17.0.12 with PID 11516 (started by kadan in C:\Users\kadan\Desktop\Workspace\t&m_backend\t-m_RESTful API)
10:01  INFO 11516 --- [t-m_rest] [           main] co.edu.usco.TMRestApplicationTests       : No active profile set, falling back to 1 default profile: "default"
10:01  INFO 11516 --- [t-m_rest] [           main] .s.d.r.c.RepositoryConfigurationDelegate : Bootstrapping Spring Data JPA repositories in DEFAULT mode.
10:01  INFO 11516 --- [t-m_rest] [           main] .s.d.r.c.RepositoryConfigurationDelegate : Finished Spring Data repository scanning in 139 ms. Found 8 JPA repository interfaces.
10:01  INFO 11516 --- [t-m_rest] [           main] o.s.cloud.context.scope.GenericScope     : BeanFactory id=2463601c-57f8-39e9-a26b-fe086a41a3be
10:01  INFO 11516 --- [t-m_rest] [           main] o.hibernate.jpa.internal.util.LogHelper  : HHH000204: Processing PersistenceUnitInfo [name: default]
10:01  INFO 11516 --- [t-m_rest] [           main] org.hibernate.Version                    : HHH000412: Hibernate ORM core version 6.5.3.Final
10:01  INFO 11516 --- [t-m_rest] [           main] o.h.c.internal.RegionFactoryInitiator    : HHH000026: Second-level cache disabled
10:01  INFO 11516 --- [t-m_rest] [           main] o.s.o.j.p.SpringPersistenceUnitInfo      : No LoadTimeWeaver setup: ignoring JPA class transformer
10:01  INFO 11516 --- [t-m_rest] [           main] com.zaxxer.hikari.HikariDataSource       : HikariPool-1 - Starting...
10:01  INFO 11516 --- [t-m_rest] [           main] com.zaxxer.hikari.pool.HikariPool        : HikariPool-1 - Added connection com.mysql.cj.jdbc.ConnectionImpl@713e7d9a
10:01  INFO 11516 --- [t-m_rest] [           main] com.zaxxer.hikari.HikariDataSource       : HikariPool-1 - Start completed.
10:01  WARN 11516 --- [t-m_rest] [           main] org.hibernate.orm.deprecation            : HHH90000025: MySQL8Dialect does not need to be specified explicitly using 'hibernate.dialect' (remove the property setting and it will be selected by default)
10:01  WARN 11516 --- [t-m_rest] [           main] org.hibernate.orm.deprecation            : HHH90000026: MySQL8Dialect has been deprecated; use org.hibernate.dialect.MySQLDialect instead
10:01  INFO 11516 --- [t-m_rest] [           main] o.h.e.t.j.p.i.JtaPlatformInitiator       : HHH000489: No JTA platform available (set 'hibernate.transaction.jta.platform' to enable JTA platform integration)
10:01 DEBUG 11516 --- [t-m_rest] [           main] org.hibernate.SQL                        : 
    alter table appointments 
       drop 
       foreign key FK7s290ecdl4hd8k2ll6bv4nydt
10:01 DEBUG 11516 --- [t-m_rest] [           main] org.hibernate.SQL                        : 
    alter table appointments 
       drop 
       foreign key FK62dl3dvwsbveq3vv067becwmj
10:01 DEBUG 11516 --- [t-m_rest] [           main] org.hibernate.SQL                        : 
    alter table appointments 
       drop 
       foreign key FKeq78auyadvwsxqnjspy84o91s
10:01 DEBUG 11516 --- [t-m_rest] [           main] org.hibernate.SQL                        : 
    alter table makers 
       drop 
       foreign key FKpy0qbvh26witqggcgmsxp39lg
10:01 DEBUG 11516 --- [t-m_rest] [           main] org.hibernate.SQL                        : 
    alter table owners 
       drop 
       foreign key FK5cxgwvo3vq6abw8gqlf56uub2
10:01 DEBUG 11516 --- [t-m_rest] [           main] org.hibernate.SQL                        : 
    alter table pets 
       drop 
       foreign key FKdtkp8jqo3t1jewvhx01d5crj2
10:01 DEBUG 11516 --- [t-m_rest] [           main] org.hibernate.SQL                        : 
    alter table products 
       drop 
       foreign key FK41u8fymbot8mk9rr9s0j790ja
10:01 DEBUG 11516 --- [t-m_rest] [           main] org.hibernate.SQL                        : 
    alter table users 
       drop 
       foreign key FKgqf6aajl2lwd68xv9ypxpo7ra
10:01 DEBUG 11516 --- [t-m_rest] [           main] org.hibernate.SQL                        : 
    alter table veterinarians 
       drop 
       foreign key FKt0juejq57fnoj4ky83meqxwr0
10:01 DEBUG 11516 --- [t-m_rest] [           main] org.hibernate.SQL                        : 
    drop table if exists appointments
10:01 DEBUG 11516 --- [t-m_rest] [           main] org.hibernate.SQL                        : 
    drop table if exists makers
10:01 DEBUG 11516 --- [t-m_rest] [           main] org.hibernate.SQL                        : 
    drop table if exists owners
10:01 DEBUG 11516 --- [t-m_rest] [           main] org.hibernate.SQL                        : 
    drop table if exists pets
10:01 DEBUG 11516 --- [t-m_rest] [           main] org.hibernate.SQL                        : 
    drop table if exists products
10:01 DEBUG 11516 --- [t-m_rest] [           main] org.hibernate.SQL                        : 
    drop table if exists roles
10:01 DEBUG 11516 --- [t-m_rest] [           main] org.hibernate.SQL                        : 
    drop table if exists users
10:01 DEBUG 11516 --- [t-m_rest] [           main] org.hibernate.SQL                        : 
    drop table if exists veterinarians
10:01 DEBUG 11516 --- [t-m_rest] [           main] org.hibernate.SQL                        : 
    create table appointments (
        app_date datetime(6),
        app_id bigint not null auto_increment,
        own_id bigint not null,
        pet_id bigint not null,
        vet_id bigint not null,
        app_description varchar(255),
        app_reason varchar(255),
        app_status enum ('CANCELLED','COMPLETED','PENDIENT'),
        primary key (app_id)
    ) engine=InnoDB
10:01 DEBUG 11516 --- [t-m_rest] [           main] org.hibernate.SQL                        : 
    create table makers (
        usr_id bigint not null,
        mak_business_address varchar(255),
        mak_business_name varchar(255),
        mak_phone varchar(255),
        primary key (usr_id)
    ) engine=InnoDB
10:01 DEBUG 11516 --- [t-m_rest] [           main] org.hibernate.SQL                        : 
    create table owners (
        usr_id bigint not null,
        own_address varchar(255),
        own_fist_name varchar(255),
        own_last_name varchar(255),
        own_phone varchar(255),
        primary key (usr_id)
    ) engine=InnoDB
10:01 DEBUG 11516 --- [t-m_rest] [           main] org.hibernate.SQL                        : 
    create table pets (
        pet_months integer,
        pet_weight float(53),
        pet_years integer,
        pet_id bigint not null auto_increment,
        pet_own_id bigint not null,
        pet_name varchar(255),
        primary key (pet_id)
    ) engine=InnoDB
10:01 DEBUG 11516 --- [t-m_rest] [           main] org.hibernate.SQL                        : 
    create table products (
        pro_price decimal(38,2),
        pro_stock integer,
        pro_type tinyint,
        mak_id bigint not null,
        pro_created_at datetime(6),
        pro_id bigint not null auto_increment,
        pro_description varchar(255),
        pro_name varchar(255),
        primary key (pro_id)
    ) engine=InnoDB
10:01 DEBUG 11516 --- [t-m_rest] [           main] org.hibernate.SQL                        : 
    create table roles (
        rol_enabled bit,
        rol_id bigint not null auto_increment,
        rol_name enum ('ADMIN','MAKER','OWNER','VETERINARIAN'),
        primary key (rol_id)
    ) engine=InnoDB
10:01 DEBUG 11516 --- [t-m_rest] [           main] org.hibernate.SQL                        : 
    create table users (
        rol_id bigint,
        usr_id bigint not null auto_increment,
        usr_email varchar(255) not null,
        usr_password varchar(255) not null,
        usr_username varchar(255) not null,
        img longblob,
        primary key (usr_id)
    ) engine=InnoDB
10:01 DEBUG 11516 --- [t-m_rest] [           main] org.hibernate.SQL                        : 
    create table veterinarians (
        usr_id bigint not null,
        ovet_fist_name varchar(255),
        vet_address varchar(255),
        vet_last_name varchar(255),
        vet_phone varchar(255),
        vet_specialty varchar(255),
        vet_veterinary varchar(255),
        primary key (usr_id)
    ) engine=InnoDB
10:01 DEBUG 11516 --- [t-m_rest] [           main] org.hibernate.SQL                        : 
    alter table users 
       add constraint UK5ebu3sks5y7mnb71lkm84hxqj unique (rol_id)
10:01 DEBUG 11516 --- [t-m_rest] [           main] org.hibernate.SQL                        : 
    alter table appointments 
       add constraint FK7s290ecdl4hd8k2ll6bv4nydt 
       foreign key (own_id) 
       references owners (usr_id)
10:01 DEBUG 11516 --- [t-m_rest] [           main] org.hibernate.SQL                        : 
    alter table appointments 
       add constraint FK62dl3dvwsbveq3vv067becwmj 
       foreign key (pet_id) 
       references pets (pet_id)
10:01 DEBUG 11516 --- [t-m_rest] [           main] org.hibernate.SQL                        : 
    alter table appointments 
       add constraint FKeq78auyadvwsxqnjspy84o91s 
       foreign key (vet_id) 
       references veterinarians (usr_id)
10:01 DEBUG 11516 --- [t-m_rest] [           main] org.hibernate.SQL                        : 
    alter table makers 
       add constraint FKpy0qbvh26witqggcgmsxp39lg 
       foreign key (usr_id) 
       references users (usr_id)
10:01 DEBUG 11516 --- [t-m_rest] [           main] org.hibernate.SQL                        : 
    alter table owners 
       add constraint FK5cxgwvo3vq6abw8gqlf56uub2 
       foreign key (usr_id) 
       references users (usr_id)
10:02 DEBUG 11516 --- [t-m_rest] [           main] org.hibernate.SQL                        : 
    alter table pets 
       add constraint FKdtkp8jqo3t1jewvhx01d5crj2 
       foreign key (pet_own_id) 
       references owners (usr_id)
10:02 DEBUG 11516 --- [t-m_rest] [           main] org.hibernate.SQL                        : 
    alter table products 
       add constraint FK41u8fymbot8mk9rr9s0j790ja 
       foreign key (mak_id) 
       references makers (usr_id)
10:02 DEBUG 11516 --- [t-m_rest] [           main] org.hibernate.SQL                        : 
    alter table users 
       add constraint FKgqf6aajl2lwd68xv9ypxpo7ra 
       foreign key (rol_id) 
       references roles (rol_id)
10:02 DEBUG 11516 --- [t-m_rest] [           main] org.hibernate.SQL                        : 
    alter table veterinarians 
       add constraint FKt0juejq57fnoj4ky83meqxwr0 
       foreign key (usr_id) 
       references users (usr_id)
10:02  INFO 11516 --- [t-m_rest] [           main] j.LocalContainerEntityManagerFactoryBean : Initialized JPA EntityManagerFactory for persistence unit 'default'
10:02  INFO 11516 --- [t-m_rest] [           main] o.s.d.j.r.query.QueryEnhancerFactory     : Hibernate is in classpath; If applicable, HQL parser will be used.
10:02  WARN 11516 --- [t-m_rest] [           main] JpaBaseConfiguration$JpaWebConfiguration : spring.jpa.open-in-view is enabled by default. Therefore, database queries may be performed during view rendering. Explicitly configure spring.jpa.open-in-view to disable this warning
10:02  INFO 11516 --- [t-m_rest] [           main] eAuthenticationProviderManagerConfigurer : Global AuthenticationManager configured with AuthenticationProvider bean with name authenticationProvider
10:02  WARN 11516 --- [t-m_rest] [           main] r$InitializeUserDetailsManagerConfigurer : Global AuthenticationManager configured with an AuthenticationProvider bean. UserDetailsService beans will not be used for username/password login. Consider removing the AuthenticationProvider bean. Alternatively, consider using the UserDetailsService in a manually instantiated DaoAuthenticationProvider.
10:02  INFO 11516 --- [t-m_rest] [           main] co.edu.usco.TMRestApplicationTests       : Started TMRestApplicationTests in 9.383 seconds (process running for 10.853)
]]></system-out>
  </testcase>
</testsuite>